   0  $accept : program $end

   1  program :

   2  $$1 :

   3  program : declaration $$1 ';' program

   4  $$2 :

   5  program : assignment $$2 ';' program

   6  $$3 :

   7  program : function '{' inner_statement '}' $$3 program
   8          | statement program

   9  statement : if_else
  10            | for
  11            | while
  12            | switch

  13  if_else : KEY_IF '(' expression ')' '{' inner_statement '}' else_if
  14          | KEY_IF '(' expression ')' singleLineStatement else_if

  15  else_if : KEY_ELSE KEY_IF '(' expression ')' '{' inner_statement '}' else_if
  16          | KEY_ELSE '{' inner_statement '}'
  17          | KEY_ELSE KEY_IF '(' expression ')' singleLineStatement else_if
  18          | KEY_ELSE singleLineStatement
  19          |

  20  for : KEY_FOR '(' forExpression ';' forExpression ';' forExpression ')' '{' inner_statement '}'

  21  forExpression : expressions
  22                |

  23  while : KEY_WHILE '(' expression ')' '{' inner_statement '}'
  24        | KEY_DO '{' inner_statement '}' KEY_WHILE '(' expression ')' ';'
  25        | KEY_WHILE '(' expression ')' singleLineStatement

  26  switch : KEY_SWITCH '(' ID ')' '{' cases defaultCase '}'
  27         | KEY_SWITCH '(' ID ')' '{' cases '}'

  28  cases : KEY_CASE constant ':' inner_statement
  29        | KEY_CASE constant ':' inner_statement cases

  30  defaultCase : KEY_DEFAULT ':' inner_statement

  31  constant : CONSTANT
  32           | INTEGER
  33           | DOUBLE
  34           | SCI
  35           | CHAR

  36  inner_statement : localDeclaration
  37                  | localDeclaration functionImplementation

  38  singleLineStatement : assignment ';'

  39  localDeclaration : declareLocally
  40                   | declareLocally ';' localDeclaration
  41                   |

  42  functionImplementation : functionCode
  43                         | functionCode functionImplementation

  44  functionCode : assignment ';'
  45               | statement

  46  declareLocally : TYPE identifiers
  47                 | KEY_CONST TYPE const_identifiers

  48  index : '[' expression ']'
  49        | '[' expression ']' index

  50  declaration : TYPE identifiers
  51              | KEY_CONST TYPE const_identifiers
  52              | function

  53  function : TYPE ID '(' ')'
  54           | TYPE_VOID ID '(' ')'
  55           | TYPE ID '(' parameters ')'
  56           | TYPE_VOID ID '(' parameters ')'

  57  parameters : TYPE ID index ',' parameters
  58             | TYPE ID ',' parameters
  59             | TYPE ID index
  60             | TYPE ID

  61  identifiers : identifier
  62              | identifier ',' identifiers

  63  identifier : ID
  64             | ID '=' expression
  65             | ID index
  66             | ID index '=' '{' expressions '}'
  67             | ID index '=' '{' '}'

  68  const_identifiers : ID '=' expression
  69                    | ID '=' expression ',' const_identifiers

  70  const_identifier : ID '=' expression

  71  assignment : ID '=' expression
  72             | ID index '=' expression
  73             | ID '(' expressions ')'
  74             | ID '(' ')'
  75             | KEY_BREAK
  76             | KEY_CONTINUE
  77             | KEY_RETURN expression
  78             | ID OPER_PLUS_PLUS
  79             | ID OPER_MINUS_MINUS

  80  expressions : expression
  81              | expression ',' expressions

  82  expression : '!' expression
  83             | expression OPER_OR expression
  84             | expression OPER_AND expression
  85             | expression OPER_CMP expression
  86             | expression '+' expression
  87             | expression '-' expression
  88             | expression '*' expression
  89             | expression '/' expression
  90             | expression '%' expression
  91             | ID OPER_PLUS_PLUS
  92             | ID OPER_MINUS_MINUS
  93             | INTEGER
  94             | DOUBLE
  95             | SCI
  96             | CHAR
  97             | ID
  98             | STRING
  99             | CONSTANT
 100             | ID index
 101             | '-' expression
 102             | '(' expression ')'
 103             | ID '(' expressions ')'
 104             | ID '(' ')'

state 0
	$accept : . program $end  (0)
	program : .  (1)

	TYPE  shift 1
	TYPE_VOID  shift 2
	KEY_FOR  shift 3
	KEY_WHILE  shift 4
	KEY_DO  shift 5
	KEY_IF  shift 6
	KEY_SWITCH  shift 7
	KEY_RETURN  shift 8
	KEY_BREAK  shift 9
	KEY_CONTINUE  shift 10
	KEY_CONST  shift 11
	ID  shift 12
	$end  reduce 1

	program  goto 13
	declaration  goto 14
	assignment  goto 15
	function  goto 16
	statement  goto 17
	if_else  goto 18
	for  goto 19
	while  goto 20
	switch  goto 21


state 1
	declaration : TYPE . identifiers  (50)
	function : TYPE . ID '(' ')'  (53)
	function : TYPE . ID '(' parameters ')'  (55)

	ID  shift 22
	.  error

	identifiers  goto 23
	identifier  goto 24


state 2
	function : TYPE_VOID . ID '(' ')'  (54)
	function : TYPE_VOID . ID '(' parameters ')'  (56)

	ID  shift 25
	.  error


state 3
	for : KEY_FOR . '(' forExpression ';' forExpression ';' forExpression ')' '{' inner_statement '}'  (20)

	'('  shift 26
	.  error


state 4
	while : KEY_WHILE . '(' expression ')' '{' inner_statement '}'  (23)
	while : KEY_WHILE . '(' expression ')' singleLineStatement  (25)

	'('  shift 27
	.  error


state 5
	while : KEY_DO . '{' inner_statement '}' KEY_WHILE '(' expression ')' ';'  (24)

	'{'  shift 28
	.  error


state 6
	if_else : KEY_IF . '(' expression ')' '{' inner_statement '}' else_if  (13)
	if_else : KEY_IF . '(' expression ')' singleLineStatement else_if  (14)

	'('  shift 29
	.  error


state 7
	switch : KEY_SWITCH . '(' ID ')' '{' cases defaultCase '}'  (26)
	switch : KEY_SWITCH . '(' ID ')' '{' cases '}'  (27)

	'('  shift 30
	.  error


state 8
	assignment : KEY_RETURN . expression  (77)

	INTEGER  shift 31
	STRING  shift 32
	DOUBLE  shift 33
	SCI  shift 34
	CHAR  shift 35
	CONSTANT  shift 36
	ID  shift 37
	'!'  shift 38
	'-'  shift 39
	'('  shift 40
	.  error

	expression  goto 41


state 9
	assignment : KEY_BREAK .  (75)

	.  reduce 75


state 10
	assignment : KEY_CONTINUE .  (76)

	.  reduce 76


state 11
	declaration : KEY_CONST . TYPE const_identifiers  (51)

	TYPE  shift 42
	.  error


state 12
	assignment : ID . '=' expression  (71)
	assignment : ID . index '=' expression  (72)
	assignment : ID . '(' expressions ')'  (73)
	assignment : ID . '(' ')'  (74)
	assignment : ID . OPER_PLUS_PLUS  (78)
	assignment : ID . OPER_MINUS_MINUS  (79)

	OPER_PLUS_PLUS  shift 43
	OPER_MINUS_MINUS  shift 44
	'['  shift 45
	'('  shift 46
	'='  shift 47
	.  error

	index  goto 48


state 13
	$accept : program . $end  (0)

	$end  accept


state 14
	program : declaration . $$1 ';' program  (3)
	$$1 : .  (2)

	.  reduce 2

	$$1  goto 49


state 15
	program : assignment . $$2 ';' program  (5)
	$$2 : .  (4)

	.  reduce 4

	$$2  goto 50


state 16
	program : function . '{' inner_statement '}' $$3 program  (7)
	declaration : function .  (52)

	'{'  shift 51
	';'  reduce 52


state 17
	program : statement . program  (8)
	program : .  (1)

	TYPE  shift 1
	TYPE_VOID  shift 2
	KEY_FOR  shift 3
	KEY_WHILE  shift 4
	KEY_DO  shift 5
	KEY_IF  shift 6
	KEY_SWITCH  shift 7
	KEY_RETURN  shift 8
	KEY_BREAK  shift 9
	KEY_CONTINUE  shift 10
	KEY_CONST  shift 11
	ID  shift 12
	$end  reduce 1

	program  goto 52
	declaration  goto 14
	assignment  goto 15
	function  goto 16
	statement  goto 17
	if_else  goto 18
	for  goto 19
	while  goto 20
	switch  goto 21


state 18
	statement : if_else .  (9)

	.  reduce 9


state 19
	statement : for .  (10)

	.  reduce 10


state 20
	statement : while .  (11)

	.  reduce 11


state 21
	statement : switch .  (12)

	.  reduce 12


state 22
	function : TYPE ID . '(' ')'  (53)
	function : TYPE ID . '(' parameters ')'  (55)
	identifier : ID .  (63)
	identifier : ID . '=' expression  (64)
	identifier : ID . index  (65)
	identifier : ID . index '=' '{' expressions '}'  (66)
	identifier : ID . index '=' '{' '}'  (67)

	'['  shift 45
	'('  shift 53
	'='  shift 54
	';'  reduce 63
	','  reduce 63

	index  goto 55


state 23
	declaration : TYPE identifiers .  (50)

	.  reduce 50


state 24
	identifiers : identifier .  (61)
	identifiers : identifier . ',' identifiers  (62)

	','  shift 56
	KEY_FOR  reduce 61
	KEY_WHILE  reduce 61
	KEY_DO  reduce 61
	KEY_IF  reduce 61
	KEY_SWITCH  reduce 61
	KEY_RETURN  reduce 61
	KEY_BREAK  reduce 61
	KEY_CONTINUE  reduce 61
	KEY_CASE  reduce 61
	KEY_DEFAULT  reduce 61
	ID  reduce 61
	';'  reduce 61
	'}'  reduce 61


state 25
	function : TYPE_VOID ID . '(' ')'  (54)
	function : TYPE_VOID ID . '(' parameters ')'  (56)

	'('  shift 57
	.  error


state 26
	for : KEY_FOR '(' . forExpression ';' forExpression ';' forExpression ')' '{' inner_statement '}'  (20)
	forExpression : .  (22)

	INTEGER  shift 31
	STRING  shift 32
	DOUBLE  shift 33
	SCI  shift 34
	CHAR  shift 35
	CONSTANT  shift 36
	ID  shift 37
	'!'  shift 38
	'-'  shift 39
	'('  shift 40
	';'  reduce 22

	expression  goto 58
	forExpression  goto 59
	expressions  goto 60


state 27
	while : KEY_WHILE '(' . expression ')' '{' inner_statement '}'  (23)
	while : KEY_WHILE '(' . expression ')' singleLineStatement  (25)

	INTEGER  shift 31
	STRING  shift 32
	DOUBLE  shift 33
	SCI  shift 34
	CHAR  shift 35
	CONSTANT  shift 36
	ID  shift 37
	'!'  shift 38
	'-'  shift 39
	'('  shift 40
	.  error

	expression  goto 61


state 28
	while : KEY_DO '{' . inner_statement '}' KEY_WHILE '(' expression ')' ';'  (24)
	localDeclaration : .  (41)

	TYPE  shift 62
	KEY_CONST  shift 63
	KEY_FOR  reduce 41
	KEY_WHILE  reduce 41
	KEY_DO  reduce 41
	KEY_IF  reduce 41
	KEY_SWITCH  reduce 41
	KEY_RETURN  reduce 41
	KEY_BREAK  reduce 41
	KEY_CONTINUE  reduce 41
	ID  reduce 41
	'}'  reduce 41

	inner_statement  goto 64
	localDeclaration  goto 65
	declareLocally  goto 66


state 29
	if_else : KEY_IF '(' . expression ')' '{' inner_statement '}' else_if  (13)
	if_else : KEY_IF '(' . expression ')' singleLineStatement else_if  (14)

	INTEGER  shift 31
	STRING  shift 32
	DOUBLE  shift 33
	SCI  shift 34
	CHAR  shift 35
	CONSTANT  shift 36
	ID  shift 37
	'!'  shift 38
	'-'  shift 39
	'('  shift 40
	.  error

	expression  goto 67


state 30
	switch : KEY_SWITCH '(' . ID ')' '{' cases defaultCase '}'  (26)
	switch : KEY_SWITCH '(' . ID ')' '{' cases '}'  (27)

	ID  shift 68
	.  error


state 31
	expression : INTEGER .  (93)

	.  reduce 93


state 32
	expression : STRING .  (98)

	.  reduce 98


state 33
	expression : DOUBLE .  (94)

	.  reduce 94


state 34
	expression : SCI .  (95)

	.  reduce 95


state 35
	expression : CHAR .  (96)

	.  reduce 96


state 36
	expression : CONSTANT .  (99)

	.  reduce 99


state 37
	expression : ID . OPER_PLUS_PLUS  (91)
	expression : ID . OPER_MINUS_MINUS  (92)
	expression : ID .  (97)
	expression : ID . index  (100)
	expression : ID . '(' expressions ')'  (103)
	expression : ID . '(' ')'  (104)

	OPER_PLUS_PLUS  shift 69
	OPER_MINUS_MINUS  shift 70
	'['  shift 45
	'('  shift 71
	KEY_FOR  reduce 97
	KEY_WHILE  reduce 97
	KEY_DO  reduce 97
	KEY_IF  reduce 97
	KEY_SWITCH  reduce 97
	KEY_RETURN  reduce 97
	KEY_BREAK  reduce 97
	KEY_CONTINUE  reduce 97
	KEY_CASE  reduce 97
	KEY_DEFAULT  reduce 97
	ID  reduce 97
	OPER_CMP  reduce 97
	OPER_AND  reduce 97
	OPER_OR  reduce 97
	'+'  reduce 97
	'-'  reduce 97
	'*'  reduce 97
	'/'  reduce 97
	'%'  reduce 97
	']'  reduce 97
	';'  reduce 97
	'}'  reduce 97
	')'  reduce 97
	','  reduce 97

	index  goto 72


state 38
	expression : '!' . expression  (82)

	INTEGER  shift 31
	STRING  shift 32
	DOUBLE  shift 33
	SCI  shift 34
	CHAR  shift 35
	CONSTANT  shift 36
	ID  shift 37
	'!'  shift 38
	'-'  shift 39
	'('  shift 40
	.  error

	expression  goto 73


state 39
	expression : '-' . expression  (101)

	INTEGER  shift 31
	STRING  shift 32
	DOUBLE  shift 33
	SCI  shift 34
	CHAR  shift 35
	CONSTANT  shift 36
	ID  shift 37
	'!'  shift 38
	'-'  shift 39
	'('  shift 40
	.  error

	expression  goto 74


state 40
	expression : '(' . expression ')'  (102)

	INTEGER  shift 31
	STRING  shift 32
	DOUBLE  shift 33
	SCI  shift 34
	CHAR  shift 35
	CONSTANT  shift 36
	ID  shift 37
	'!'  shift 38
	'-'  shift 39
	'('  shift 40
	.  error

	expression  goto 75


state 41
	assignment : KEY_RETURN expression .  (77)
	expression : expression . OPER_OR expression  (83)
	expression : expression . OPER_AND expression  (84)
	expression : expression . OPER_CMP expression  (85)
	expression : expression . '+' expression  (86)
	expression : expression . '-' expression  (87)
	expression : expression . '*' expression  (88)
	expression : expression . '/' expression  (89)
	expression : expression . '%' expression  (90)

	OPER_CMP  shift 76
	OPER_AND  shift 77
	OPER_OR  shift 78
	'+'  shift 79
	'-'  shift 80
	'*'  shift 81
	'/'  shift 82
	'%'  shift 83
	';'  reduce 77


state 42
	declaration : KEY_CONST TYPE . const_identifiers  (51)

	ID  shift 84
	.  error

	const_identifiers  goto 85


state 43
	assignment : ID OPER_PLUS_PLUS .  (78)

	.  reduce 78


state 44
	assignment : ID OPER_MINUS_MINUS .  (79)

	.  reduce 79


state 45
	index : '[' . expression ']'  (48)
	index : '[' . expression ']' index  (49)

	INTEGER  shift 31
	STRING  shift 32
	DOUBLE  shift 33
	SCI  shift 34
	CHAR  shift 35
	CONSTANT  shift 36
	ID  shift 37
	'!'  shift 38
	'-'  shift 39
	'('  shift 40
	.  error

	expression  goto 86


state 46
	assignment : ID '(' . expressions ')'  (73)
	assignment : ID '(' . ')'  (74)

	INTEGER  shift 31
	STRING  shift 32
	DOUBLE  shift 33
	SCI  shift 34
	CHAR  shift 35
	CONSTANT  shift 36
	ID  shift 37
	'!'  shift 38
	'-'  shift 39
	'('  shift 40
	')'  shift 87
	.  error

	expression  goto 58
	expressions  goto 88


state 47
	assignment : ID '=' . expression  (71)

	INTEGER  shift 31
	STRING  shift 32
	DOUBLE  shift 33
	SCI  shift 34
	CHAR  shift 35
	CONSTANT  shift 36
	ID  shift 37
	'!'  shift 38
	'-'  shift 39
	'('  shift 40
	.  error

	expression  goto 89


state 48
	assignment : ID index . '=' expression  (72)

	'='  shift 90
	.  error


state 49
	program : declaration $$1 . ';' program  (3)

	';'  shift 91
	.  error


state 50
	program : assignment $$2 . ';' program  (5)

	';'  shift 92
	.  error


state 51
	program : function '{' . inner_statement '}' $$3 program  (7)
	localDeclaration : .  (41)

	TYPE  shift 62
	KEY_CONST  shift 63
	KEY_FOR  reduce 41
	KEY_WHILE  reduce 41
	KEY_DO  reduce 41
	KEY_IF  reduce 41
	KEY_SWITCH  reduce 41
	KEY_RETURN  reduce 41
	KEY_BREAK  reduce 41
	KEY_CONTINUE  reduce 41
	ID  reduce 41
	'}'  reduce 41

	inner_statement  goto 93
	localDeclaration  goto 65
	declareLocally  goto 66


state 52
	program : statement program .  (8)

	.  reduce 8


state 53
	function : TYPE ID '(' . ')'  (53)
	function : TYPE ID '(' . parameters ')'  (55)

	TYPE  shift 94
	')'  shift 95
	.  error

	parameters  goto 96


state 54
	identifier : ID '=' . expression  (64)

	INTEGER  shift 31
	STRING  shift 32
	DOUBLE  shift 33
	SCI  shift 34
	CHAR  shift 35
	CONSTANT  shift 36
	ID  shift 37
	'!'  shift 38
	'-'  shift 39
	'('  shift 40
	.  error

	expression  goto 97


state 55
	identifier : ID index .  (65)
	identifier : ID index . '=' '{' expressions '}'  (66)
	identifier : ID index . '=' '{' '}'  (67)

	'='  shift 98
	KEY_FOR  reduce 65
	KEY_WHILE  reduce 65
	KEY_DO  reduce 65
	KEY_IF  reduce 65
	KEY_SWITCH  reduce 65
	KEY_RETURN  reduce 65
	KEY_BREAK  reduce 65
	KEY_CONTINUE  reduce 65
	KEY_CASE  reduce 65
	KEY_DEFAULT  reduce 65
	ID  reduce 65
	';'  reduce 65
	'}'  reduce 65
	','  reduce 65


state 56
	identifiers : identifier ',' . identifiers  (62)

	ID  shift 99
	.  error

	identifiers  goto 100
	identifier  goto 24


state 57
	function : TYPE_VOID ID '(' . ')'  (54)
	function : TYPE_VOID ID '(' . parameters ')'  (56)

	TYPE  shift 94
	')'  shift 101
	.  error

	parameters  goto 102


state 58
	expressions : expression .  (80)
	expressions : expression . ',' expressions  (81)
	expression : expression . OPER_OR expression  (83)
	expression : expression . OPER_AND expression  (84)
	expression : expression . OPER_CMP expression  (85)
	expression : expression . '+' expression  (86)
	expression : expression . '-' expression  (87)
	expression : expression . '*' expression  (88)
	expression : expression . '/' expression  (89)
	expression : expression . '%' expression  (90)

	OPER_CMP  shift 76
	OPER_AND  shift 77
	OPER_OR  shift 78
	'+'  shift 79
	'-'  shift 80
	'*'  shift 81
	'/'  shift 82
	'%'  shift 83
	','  shift 103
	';'  reduce 80
	'}'  reduce 80
	')'  reduce 80


state 59
	for : KEY_FOR '(' forExpression . ';' forExpression ';' forExpression ')' '{' inner_statement '}'  (20)

	';'  shift 104
	.  error


state 60
	forExpression : expressions .  (21)

	.  reduce 21


state 61
	while : KEY_WHILE '(' expression . ')' '{' inner_statement '}'  (23)
	while : KEY_WHILE '(' expression . ')' singleLineStatement  (25)
	expression : expression . OPER_OR expression  (83)
	expression : expression . OPER_AND expression  (84)
	expression : expression . OPER_CMP expression  (85)
	expression : expression . '+' expression  (86)
	expression : expression . '-' expression  (87)
	expression : expression . '*' expression  (88)
	expression : expression . '/' expression  (89)
	expression : expression . '%' expression  (90)

	OPER_CMP  shift 76
	OPER_AND  shift 77
	OPER_OR  shift 78
	'+'  shift 79
	'-'  shift 80
	'*'  shift 81
	'/'  shift 82
	'%'  shift 83
	')'  shift 105
	.  error


state 62
	declareLocally : TYPE . identifiers  (46)

	ID  shift 99
	.  error

	identifiers  goto 106
	identifier  goto 24


state 63
	declareLocally : KEY_CONST . TYPE const_identifiers  (47)

	TYPE  shift 107
	.  error


state 64
	while : KEY_DO '{' inner_statement . '}' KEY_WHILE '(' expression ')' ';'  (24)

	'}'  shift 108
	.  error


state 65
	inner_statement : localDeclaration .  (36)
	inner_statement : localDeclaration . functionImplementation  (37)

	KEY_FOR  shift 3
	KEY_WHILE  shift 4
	KEY_DO  shift 5
	KEY_IF  shift 6
	KEY_SWITCH  shift 7
	KEY_RETURN  shift 8
	KEY_BREAK  shift 9
	KEY_CONTINUE  shift 10
	ID  shift 12
	KEY_CASE  reduce 36
	KEY_DEFAULT  reduce 36
	'}'  reduce 36

	assignment  goto 109
	statement  goto 110
	if_else  goto 18
	for  goto 19
	while  goto 20
	switch  goto 21
	functionImplementation  goto 111
	functionCode  goto 112


state 66
	localDeclaration : declareLocally .  (39)
	localDeclaration : declareLocally . ';' localDeclaration  (40)

	';'  shift 113
	KEY_FOR  reduce 39
	KEY_WHILE  reduce 39
	KEY_DO  reduce 39
	KEY_IF  reduce 39
	KEY_SWITCH  reduce 39
	KEY_RETURN  reduce 39
	KEY_BREAK  reduce 39
	KEY_CONTINUE  reduce 39
	KEY_CASE  reduce 39
	KEY_DEFAULT  reduce 39
	ID  reduce 39
	'}'  reduce 39


state 67
	if_else : KEY_IF '(' expression . ')' '{' inner_statement '}' else_if  (13)
	if_else : KEY_IF '(' expression . ')' singleLineStatement else_if  (14)
	expression : expression . OPER_OR expression  (83)
	expression : expression . OPER_AND expression  (84)
	expression : expression . OPER_CMP expression  (85)
	expression : expression . '+' expression  (86)
	expression : expression . '-' expression  (87)
	expression : expression . '*' expression  (88)
	expression : expression . '/' expression  (89)
	expression : expression . '%' expression  (90)

	OPER_CMP  shift 76
	OPER_AND  shift 77
	OPER_OR  shift 78
	'+'  shift 79
	'-'  shift 80
	'*'  shift 81
	'/'  shift 82
	'%'  shift 83
	')'  shift 114
	.  error


state 68
	switch : KEY_SWITCH '(' ID . ')' '{' cases defaultCase '}'  (26)
	switch : KEY_SWITCH '(' ID . ')' '{' cases '}'  (27)

	')'  shift 115
	.  error


state 69
	expression : ID OPER_PLUS_PLUS .  (91)

	.  reduce 91


state 70
	expression : ID OPER_MINUS_MINUS .  (92)

	.  reduce 92


state 71
	expression : ID '(' . expressions ')'  (103)
	expression : ID '(' . ')'  (104)

	INTEGER  shift 31
	STRING  shift 32
	DOUBLE  shift 33
	SCI  shift 34
	CHAR  shift 35
	CONSTANT  shift 36
	ID  shift 37
	'!'  shift 38
	'-'  shift 39
	'('  shift 40
	')'  shift 116
	.  error

	expression  goto 58
	expressions  goto 117


state 72
	expression : ID index .  (100)

	.  reduce 100


state 73
	expression : '!' expression .  (82)
	expression : expression . OPER_OR expression  (83)
	expression : expression . OPER_AND expression  (84)
	expression : expression . OPER_CMP expression  (85)
	expression : expression . '+' expression  (86)
	expression : expression . '-' expression  (87)
	expression : expression . '*' expression  (88)
	expression : expression . '/' expression  (89)
	expression : expression . '%' expression  (90)

	'+'  shift 79
	'-'  shift 80
	'*'  shift 81
	'/'  shift 82
	'%'  shift 83
	KEY_FOR  reduce 82
	KEY_WHILE  reduce 82
	KEY_DO  reduce 82
	KEY_IF  reduce 82
	KEY_SWITCH  reduce 82
	KEY_RETURN  reduce 82
	KEY_BREAK  reduce 82
	KEY_CONTINUE  reduce 82
	KEY_CASE  reduce 82
	KEY_DEFAULT  reduce 82
	ID  reduce 82
	OPER_CMP  reduce 82
	OPER_AND  reduce 82
	OPER_OR  reduce 82
	']'  reduce 82
	';'  reduce 82
	'}'  reduce 82
	')'  reduce 82
	','  reduce 82


state 74
	expression : expression . OPER_OR expression  (83)
	expression : expression . OPER_AND expression  (84)
	expression : expression . OPER_CMP expression  (85)
	expression : expression . '+' expression  (86)
	expression : expression . '-' expression  (87)
	expression : expression . '*' expression  (88)
	expression : expression . '/' expression  (89)
	expression : expression . '%' expression  (90)
	expression : '-' expression .  (101)

	.  reduce 101


state 75
	expression : expression . OPER_OR expression  (83)
	expression : expression . OPER_AND expression  (84)
	expression : expression . OPER_CMP expression  (85)
	expression : expression . '+' expression  (86)
	expression : expression . '-' expression  (87)
	expression : expression . '*' expression  (88)
	expression : expression . '/' expression  (89)
	expression : expression . '%' expression  (90)
	expression : '(' expression . ')'  (102)

	OPER_CMP  shift 76
	OPER_AND  shift 77
	OPER_OR  shift 78
	'+'  shift 79
	'-'  shift 80
	'*'  shift 81
	'/'  shift 82
	'%'  shift 83
	')'  shift 118
	.  error


state 76
	expression : expression OPER_CMP . expression  (85)

	INTEGER  shift 31
	STRING  shift 32
	DOUBLE  shift 33
	SCI  shift 34
	CHAR  shift 35
	CONSTANT  shift 36
	ID  shift 37
	'!'  shift 38
	'-'  shift 39
	'('  shift 40
	.  error

	expression  goto 119


state 77
	expression : expression OPER_AND . expression  (84)

	INTEGER  shift 31
	STRING  shift 32
	DOUBLE  shift 33
	SCI  shift 34
	CHAR  shift 35
	CONSTANT  shift 36
	ID  shift 37
	'!'  shift 38
	'-'  shift 39
	'('  shift 40
	.  error

	expression  goto 120


state 78
	expression : expression OPER_OR . expression  (83)

	INTEGER  shift 31
	STRING  shift 32
	DOUBLE  shift 33
	SCI  shift 34
	CHAR  shift 35
	CONSTANT  shift 36
	ID  shift 37
	'!'  shift 38
	'-'  shift 39
	'('  shift 40
	.  error

	expression  goto 121


state 79
	expression : expression '+' . expression  (86)

	INTEGER  shift 31
	STRING  shift 32
	DOUBLE  shift 33
	SCI  shift 34
	CHAR  shift 35
	CONSTANT  shift 36
	ID  shift 37
	'!'  shift 38
	'-'  shift 39
	'('  shift 40
	.  error

	expression  goto 122


state 80
	expression : expression '-' . expression  (87)

	INTEGER  shift 31
	STRING  shift 32
	DOUBLE  shift 33
	SCI  shift 34
	CHAR  shift 35
	CONSTANT  shift 36
	ID  shift 37
	'!'  shift 38
	'-'  shift 39
	'('  shift 40
	.  error

	expression  goto 123


state 81
	expression : expression '*' . expression  (88)

	INTEGER  shift 31
	STRING  shift 32
	DOUBLE  shift 33
	SCI  shift 34
	CHAR  shift 35
	CONSTANT  shift 36
	ID  shift 37
	'!'  shift 38
	'-'  shift 39
	'('  shift 40
	.  error

	expression  goto 124


state 82
	expression : expression '/' . expression  (89)

	INTEGER  shift 31
	STRING  shift 32
	DOUBLE  shift 33
	SCI  shift 34
	CHAR  shift 35
	CONSTANT  shift 36
	ID  shift 37
	'!'  shift 38
	'-'  shift 39
	'('  shift 40
	.  error

	expression  goto 125


state 83
	expression : expression '%' . expression  (90)

	INTEGER  shift 31
	STRING  shift 32
	DOUBLE  shift 33
	SCI  shift 34
	CHAR  shift 35
	CONSTANT  shift 36
	ID  shift 37
	'!'  shift 38
	'-'  shift 39
	'('  shift 40
	.  error

	expression  goto 126


state 84
	const_identifiers : ID . '=' expression  (68)
	const_identifiers : ID . '=' expression ',' const_identifiers  (69)

	'='  shift 127
	.  error


state 85
	declaration : KEY_CONST TYPE const_identifiers .  (51)

	.  reduce 51


state 86
	index : '[' expression . ']'  (48)
	index : '[' expression . ']' index  (49)
	expression : expression . OPER_OR expression  (83)
	expression : expression . OPER_AND expression  (84)
	expression : expression . OPER_CMP expression  (85)
	expression : expression . '+' expression  (86)
	expression : expression . '-' expression  (87)
	expression : expression . '*' expression  (88)
	expression : expression . '/' expression  (89)
	expression : expression . '%' expression  (90)

	OPER_CMP  shift 76
	OPER_AND  shift 77
	OPER_OR  shift 78
	'+'  shift 79
	'-'  shift 80
	'*'  shift 81
	'/'  shift 82
	'%'  shift 83
	']'  shift 128
	.  error


state 87
	assignment : ID '(' ')' .  (74)

	.  reduce 74


state 88
	assignment : ID '(' expressions . ')'  (73)

	')'  shift 129
	.  error


state 89
	assignment : ID '=' expression .  (71)
	expression : expression . OPER_OR expression  (83)
	expression : expression . OPER_AND expression  (84)
	expression : expression . OPER_CMP expression  (85)
	expression : expression . '+' expression  (86)
	expression : expression . '-' expression  (87)
	expression : expression . '*' expression  (88)
	expression : expression . '/' expression  (89)
	expression : expression . '%' expression  (90)

	OPER_CMP  shift 76
	OPER_AND  shift 77
	OPER_OR  shift 78
	'+'  shift 79
	'-'  shift 80
	'*'  shift 81
	'/'  shift 82
	'%'  shift 83
	';'  reduce 71


state 90
	assignment : ID index '=' . expression  (72)

	INTEGER  shift 31
	STRING  shift 32
	DOUBLE  shift 33
	SCI  shift 34
	CHAR  shift 35
	CONSTANT  shift 36
	ID  shift 37
	'!'  shift 38
	'-'  shift 39
	'('  shift 40
	.  error

	expression  goto 130


state 91
	program : declaration $$1 ';' . program  (3)
	program : .  (1)

	TYPE  shift 1
	TYPE_VOID  shift 2
	KEY_FOR  shift 3
	KEY_WHILE  shift 4
	KEY_DO  shift 5
	KEY_IF  shift 6
	KEY_SWITCH  shift 7
	KEY_RETURN  shift 8
	KEY_BREAK  shift 9
	KEY_CONTINUE  shift 10
	KEY_CONST  shift 11
	ID  shift 12
	$end  reduce 1

	program  goto 131
	declaration  goto 14
	assignment  goto 15
	function  goto 16
	statement  goto 17
	if_else  goto 18
	for  goto 19
	while  goto 20
	switch  goto 21


state 92
	program : assignment $$2 ';' . program  (5)
	program : .  (1)

	TYPE  shift 1
	TYPE_VOID  shift 2
	KEY_FOR  shift 3
	KEY_WHILE  shift 4
	KEY_DO  shift 5
	KEY_IF  shift 6
	KEY_SWITCH  shift 7
	KEY_RETURN  shift 8
	KEY_BREAK  shift 9
	KEY_CONTINUE  shift 10
	KEY_CONST  shift 11
	ID  shift 12
	$end  reduce 1

	program  goto 132
	declaration  goto 14
	assignment  goto 15
	function  goto 16
	statement  goto 17
	if_else  goto 18
	for  goto 19
	while  goto 20
	switch  goto 21


state 93
	program : function '{' inner_statement . '}' $$3 program  (7)

	'}'  shift 133
	.  error


state 94
	parameters : TYPE . ID index ',' parameters  (57)
	parameters : TYPE . ID ',' parameters  (58)
	parameters : TYPE . ID index  (59)
	parameters : TYPE . ID  (60)

	ID  shift 134
	.  error


state 95
	function : TYPE ID '(' ')' .  (53)

	.  reduce 53


state 96
	function : TYPE ID '(' parameters . ')'  (55)

	')'  shift 135
	.  error


state 97
	identifier : ID '=' expression .  (64)
	expression : expression . OPER_OR expression  (83)
	expression : expression . OPER_AND expression  (84)
	expression : expression . OPER_CMP expression  (85)
	expression : expression . '+' expression  (86)
	expression : expression . '-' expression  (87)
	expression : expression . '*' expression  (88)
	expression : expression . '/' expression  (89)
	expression : expression . '%' expression  (90)

	OPER_CMP  shift 76
	OPER_AND  shift 77
	OPER_OR  shift 78
	'+'  shift 79
	'-'  shift 80
	'*'  shift 81
	'/'  shift 82
	'%'  shift 83
	KEY_FOR  reduce 64
	KEY_WHILE  reduce 64
	KEY_DO  reduce 64
	KEY_IF  reduce 64
	KEY_SWITCH  reduce 64
	KEY_RETURN  reduce 64
	KEY_BREAK  reduce 64
	KEY_CONTINUE  reduce 64
	KEY_CASE  reduce 64
	KEY_DEFAULT  reduce 64
	ID  reduce 64
	';'  reduce 64
	'}'  reduce 64
	','  reduce 64


state 98
	identifier : ID index '=' . '{' expressions '}'  (66)
	identifier : ID index '=' . '{' '}'  (67)

	'{'  shift 136
	.  error


state 99
	identifier : ID .  (63)
	identifier : ID . '=' expression  (64)
	identifier : ID . index  (65)
	identifier : ID . index '=' '{' expressions '}'  (66)
	identifier : ID . index '=' '{' '}'  (67)

	'['  shift 45
	'='  shift 54
	KEY_FOR  reduce 63
	KEY_WHILE  reduce 63
	KEY_DO  reduce 63
	KEY_IF  reduce 63
	KEY_SWITCH  reduce 63
	KEY_RETURN  reduce 63
	KEY_BREAK  reduce 63
	KEY_CONTINUE  reduce 63
	KEY_CASE  reduce 63
	KEY_DEFAULT  reduce 63
	ID  reduce 63
	';'  reduce 63
	'}'  reduce 63
	','  reduce 63

	index  goto 55


state 100
	identifiers : identifier ',' identifiers .  (62)

	.  reduce 62


state 101
	function : TYPE_VOID ID '(' ')' .  (54)

	.  reduce 54


state 102
	function : TYPE_VOID ID '(' parameters . ')'  (56)

	')'  shift 137
	.  error


state 103
	expressions : expression ',' . expressions  (81)

	INTEGER  shift 31
	STRING  shift 32
	DOUBLE  shift 33
	SCI  shift 34
	CHAR  shift 35
	CONSTANT  shift 36
	ID  shift 37
	'!'  shift 38
	'-'  shift 39
	'('  shift 40
	.  error

	expression  goto 58
	expressions  goto 138


state 104
	for : KEY_FOR '(' forExpression ';' . forExpression ';' forExpression ')' '{' inner_statement '}'  (20)
	forExpression : .  (22)

	INTEGER  shift 31
	STRING  shift 32
	DOUBLE  shift 33
	SCI  shift 34
	CHAR  shift 35
	CONSTANT  shift 36
	ID  shift 37
	'!'  shift 38
	'-'  shift 39
	'('  shift 40
	';'  reduce 22

	expression  goto 58
	forExpression  goto 139
	expressions  goto 60


state 105
	while : KEY_WHILE '(' expression ')' . '{' inner_statement '}'  (23)
	while : KEY_WHILE '(' expression ')' . singleLineStatement  (25)

	KEY_RETURN  shift 8
	KEY_BREAK  shift 9
	KEY_CONTINUE  shift 10
	ID  shift 12
	'{'  shift 140
	.  error

	assignment  goto 141
	singleLineStatement  goto 142


state 106
	declareLocally : TYPE identifiers .  (46)

	.  reduce 46


state 107
	declareLocally : KEY_CONST TYPE . const_identifiers  (47)

	ID  shift 84
	.  error

	const_identifiers  goto 143


state 108
	while : KEY_DO '{' inner_statement '}' . KEY_WHILE '(' expression ')' ';'  (24)

	KEY_WHILE  shift 144
	.  error


state 109
	functionCode : assignment . ';'  (44)

	';'  shift 145
	.  error


state 110
	functionCode : statement .  (45)

	.  reduce 45


state 111
	inner_statement : localDeclaration functionImplementation .  (37)

	.  reduce 37


state 112
	functionImplementation : functionCode .  (42)
	functionImplementation : functionCode . functionImplementation  (43)

	KEY_FOR  shift 3
	KEY_WHILE  shift 4
	KEY_DO  shift 5
	KEY_IF  shift 6
	KEY_SWITCH  shift 7
	KEY_RETURN  shift 8
	KEY_BREAK  shift 9
	KEY_CONTINUE  shift 10
	ID  shift 12
	KEY_CASE  reduce 42
	KEY_DEFAULT  reduce 42
	'}'  reduce 42

	assignment  goto 109
	statement  goto 110
	if_else  goto 18
	for  goto 19
	while  goto 20
	switch  goto 21
	functionImplementation  goto 146
	functionCode  goto 112


state 113
	localDeclaration : declareLocally ';' . localDeclaration  (40)
	localDeclaration : .  (41)

	TYPE  shift 62
	KEY_CONST  shift 63
	KEY_FOR  reduce 41
	KEY_WHILE  reduce 41
	KEY_DO  reduce 41
	KEY_IF  reduce 41
	KEY_SWITCH  reduce 41
	KEY_RETURN  reduce 41
	KEY_BREAK  reduce 41
	KEY_CONTINUE  reduce 41
	KEY_CASE  reduce 41
	KEY_DEFAULT  reduce 41
	ID  reduce 41
	'}'  reduce 41

	localDeclaration  goto 147
	declareLocally  goto 66


state 114
	if_else : KEY_IF '(' expression ')' . '{' inner_statement '}' else_if  (13)
	if_else : KEY_IF '(' expression ')' . singleLineStatement else_if  (14)

	KEY_RETURN  shift 8
	KEY_BREAK  shift 9
	KEY_CONTINUE  shift 10
	ID  shift 12
	'{'  shift 148
	.  error

	assignment  goto 141
	singleLineStatement  goto 149


state 115
	switch : KEY_SWITCH '(' ID ')' . '{' cases defaultCase '}'  (26)
	switch : KEY_SWITCH '(' ID ')' . '{' cases '}'  (27)

	'{'  shift 150
	.  error


state 116
	expression : ID '(' ')' .  (104)

	.  reduce 104


state 117
	expression : ID '(' expressions . ')'  (103)

	')'  shift 151
	.  error


state 118
	expression : '(' expression ')' .  (102)

	.  reduce 102


state 119
	expression : expression . OPER_OR expression  (83)
	expression : expression . OPER_AND expression  (84)
	expression : expression . OPER_CMP expression  (85)
	expression : expression OPER_CMP expression .  (85)
	expression : expression . '+' expression  (86)
	expression : expression . '-' expression  (87)
	expression : expression . '*' expression  (88)
	expression : expression . '/' expression  (89)
	expression : expression . '%' expression  (90)

	'+'  shift 79
	'-'  shift 80
	'*'  shift 81
	'/'  shift 82
	'%'  shift 83
	KEY_FOR  reduce 85
	KEY_WHILE  reduce 85
	KEY_DO  reduce 85
	KEY_IF  reduce 85
	KEY_SWITCH  reduce 85
	KEY_RETURN  reduce 85
	KEY_BREAK  reduce 85
	KEY_CONTINUE  reduce 85
	KEY_CASE  reduce 85
	KEY_DEFAULT  reduce 85
	ID  reduce 85
	OPER_CMP  reduce 85
	OPER_AND  reduce 85
	OPER_OR  reduce 85
	']'  reduce 85
	';'  reduce 85
	'}'  reduce 85
	')'  reduce 85
	','  reduce 85


state 120
	expression : expression . OPER_OR expression  (83)
	expression : expression . OPER_AND expression  (84)
	expression : expression OPER_AND expression .  (84)
	expression : expression . OPER_CMP expression  (85)
	expression : expression . '+' expression  (86)
	expression : expression . '-' expression  (87)
	expression : expression . '*' expression  (88)
	expression : expression . '/' expression  (89)
	expression : expression . '%' expression  (90)

	'+'  shift 79
	'-'  shift 80
	'*'  shift 81
	'/'  shift 82
	'%'  shift 83
	KEY_FOR  reduce 84
	KEY_WHILE  reduce 84
	KEY_DO  reduce 84
	KEY_IF  reduce 84
	KEY_SWITCH  reduce 84
	KEY_RETURN  reduce 84
	KEY_BREAK  reduce 84
	KEY_CONTINUE  reduce 84
	KEY_CASE  reduce 84
	KEY_DEFAULT  reduce 84
	ID  reduce 84
	OPER_CMP  reduce 84
	OPER_AND  reduce 84
	OPER_OR  reduce 84
	']'  reduce 84
	';'  reduce 84
	'}'  reduce 84
	')'  reduce 84
	','  reduce 84


state 121
	expression : expression . OPER_OR expression  (83)
	expression : expression OPER_OR expression .  (83)
	expression : expression . OPER_AND expression  (84)
	expression : expression . OPER_CMP expression  (85)
	expression : expression . '+' expression  (86)
	expression : expression . '-' expression  (87)
	expression : expression . '*' expression  (88)
	expression : expression . '/' expression  (89)
	expression : expression . '%' expression  (90)

	'+'  shift 79
	'-'  shift 80
	'*'  shift 81
	'/'  shift 82
	'%'  shift 83
	KEY_FOR  reduce 83
	KEY_WHILE  reduce 83
	KEY_DO  reduce 83
	KEY_IF  reduce 83
	KEY_SWITCH  reduce 83
	KEY_RETURN  reduce 83
	KEY_BREAK  reduce 83
	KEY_CONTINUE  reduce 83
	KEY_CASE  reduce 83
	KEY_DEFAULT  reduce 83
	ID  reduce 83
	OPER_CMP  reduce 83
	OPER_AND  reduce 83
	OPER_OR  reduce 83
	']'  reduce 83
	';'  reduce 83
	'}'  reduce 83
	')'  reduce 83
	','  reduce 83


state 122
	expression : expression . OPER_OR expression  (83)
	expression : expression . OPER_AND expression  (84)
	expression : expression . OPER_CMP expression  (85)
	expression : expression . '+' expression  (86)
	expression : expression '+' expression .  (86)
	expression : expression . '-' expression  (87)
	expression : expression . '*' expression  (88)
	expression : expression . '/' expression  (89)
	expression : expression . '%' expression  (90)

	.  reduce 86


state 123
	expression : expression . OPER_OR expression  (83)
	expression : expression . OPER_AND expression  (84)
	expression : expression . OPER_CMP expression  (85)
	expression : expression . '+' expression  (86)
	expression : expression . '-' expression  (87)
	expression : expression '-' expression .  (87)
	expression : expression . '*' expression  (88)
	expression : expression . '/' expression  (89)
	expression : expression . '%' expression  (90)

	.  reduce 87


state 124
	expression : expression . OPER_OR expression  (83)
	expression : expression . OPER_AND expression  (84)
	expression : expression . OPER_CMP expression  (85)
	expression : expression . '+' expression  (86)
	expression : expression . '-' expression  (87)
	expression : expression . '*' expression  (88)
	expression : expression '*' expression .  (88)
	expression : expression . '/' expression  (89)
	expression : expression . '%' expression  (90)

	.  reduce 88


state 125
	expression : expression . OPER_OR expression  (83)
	expression : expression . OPER_AND expression  (84)
	expression : expression . OPER_CMP expression  (85)
	expression : expression . '+' expression  (86)
	expression : expression . '-' expression  (87)
	expression : expression . '*' expression  (88)
	expression : expression . '/' expression  (89)
	expression : expression '/' expression .  (89)
	expression : expression . '%' expression  (90)

	.  reduce 89


state 126
	expression : expression . OPER_OR expression  (83)
	expression : expression . OPER_AND expression  (84)
	expression : expression . OPER_CMP expression  (85)
	expression : expression . '+' expression  (86)
	expression : expression . '-' expression  (87)
	expression : expression . '*' expression  (88)
	expression : expression . '/' expression  (89)
	expression : expression . '%' expression  (90)
	expression : expression '%' expression .  (90)

	.  reduce 90


state 127
	const_identifiers : ID '=' . expression  (68)
	const_identifiers : ID '=' . expression ',' const_identifiers  (69)

	INTEGER  shift 31
	STRING  shift 32
	DOUBLE  shift 33
	SCI  shift 34
	CHAR  shift 35
	CONSTANT  shift 36
	ID  shift 37
	'!'  shift 38
	'-'  shift 39
	'('  shift 40
	.  error

	expression  goto 152


state 128
	index : '[' expression ']' .  (48)
	index : '[' expression ']' . index  (49)

	'['  shift 45
	KEY_FOR  reduce 48
	KEY_WHILE  reduce 48
	KEY_DO  reduce 48
	KEY_IF  reduce 48
	KEY_SWITCH  reduce 48
	KEY_RETURN  reduce 48
	KEY_BREAK  reduce 48
	KEY_CONTINUE  reduce 48
	KEY_CASE  reduce 48
	KEY_DEFAULT  reduce 48
	ID  reduce 48
	OPER_CMP  reduce 48
	OPER_AND  reduce 48
	OPER_OR  reduce 48
	'+'  reduce 48
	'-'  reduce 48
	'*'  reduce 48
	'/'  reduce 48
	'%'  reduce 48
	']'  reduce 48
	';'  reduce 48
	'}'  reduce 48
	')'  reduce 48
	','  reduce 48
	'='  reduce 48

	index  goto 153


state 129
	assignment : ID '(' expressions ')' .  (73)

	.  reduce 73


state 130
	assignment : ID index '=' expression .  (72)
	expression : expression . OPER_OR expression  (83)
	expression : expression . OPER_AND expression  (84)
	expression : expression . OPER_CMP expression  (85)
	expression : expression . '+' expression  (86)
	expression : expression . '-' expression  (87)
	expression : expression . '*' expression  (88)
	expression : expression . '/' expression  (89)
	expression : expression . '%' expression  (90)

	OPER_CMP  shift 76
	OPER_AND  shift 77
	OPER_OR  shift 78
	'+'  shift 79
	'-'  shift 80
	'*'  shift 81
	'/'  shift 82
	'%'  shift 83
	';'  reduce 72


state 131
	program : declaration $$1 ';' program .  (3)

	.  reduce 3


state 132
	program : assignment $$2 ';' program .  (5)

	.  reduce 5


state 133
	program : function '{' inner_statement '}' . $$3 program  (7)
	$$3 : .  (6)

	.  reduce 6

	$$3  goto 154


state 134
	parameters : TYPE ID . index ',' parameters  (57)
	parameters : TYPE ID . ',' parameters  (58)
	parameters : TYPE ID . index  (59)
	parameters : TYPE ID .  (60)

	'['  shift 45
	','  shift 155
	')'  reduce 60

	index  goto 156


state 135
	function : TYPE ID '(' parameters ')' .  (55)

	.  reduce 55


state 136
	identifier : ID index '=' '{' . expressions '}'  (66)
	identifier : ID index '=' '{' . '}'  (67)

	INTEGER  shift 31
	STRING  shift 32
	DOUBLE  shift 33
	SCI  shift 34
	CHAR  shift 35
	CONSTANT  shift 36
	ID  shift 37
	'!'  shift 38
	'-'  shift 39
	'}'  shift 157
	'('  shift 40
	.  error

	expression  goto 58
	expressions  goto 158


state 137
	function : TYPE_VOID ID '(' parameters ')' .  (56)

	.  reduce 56


state 138
	expressions : expression ',' expressions .  (81)

	.  reduce 81


state 139
	for : KEY_FOR '(' forExpression ';' forExpression . ';' forExpression ')' '{' inner_statement '}'  (20)

	';'  shift 159
	.  error


state 140
	while : KEY_WHILE '(' expression ')' '{' . inner_statement '}'  (23)
	localDeclaration : .  (41)

	TYPE  shift 62
	KEY_CONST  shift 63
	KEY_FOR  reduce 41
	KEY_WHILE  reduce 41
	KEY_DO  reduce 41
	KEY_IF  reduce 41
	KEY_SWITCH  reduce 41
	KEY_RETURN  reduce 41
	KEY_BREAK  reduce 41
	KEY_CONTINUE  reduce 41
	ID  reduce 41
	'}'  reduce 41

	inner_statement  goto 160
	localDeclaration  goto 65
	declareLocally  goto 66


state 141
	singleLineStatement : assignment . ';'  (38)

	';'  shift 161
	.  error


state 142
	while : KEY_WHILE '(' expression ')' singleLineStatement .  (25)

	.  reduce 25


state 143
	declareLocally : KEY_CONST TYPE const_identifiers .  (47)

	.  reduce 47


state 144
	while : KEY_DO '{' inner_statement '}' KEY_WHILE . '(' expression ')' ';'  (24)

	'('  shift 162
	.  error


state 145
	functionCode : assignment ';' .  (44)

	.  reduce 44


state 146
	functionImplementation : functionCode functionImplementation .  (43)

	.  reduce 43


state 147
	localDeclaration : declareLocally ';' localDeclaration .  (40)

	.  reduce 40


state 148
	if_else : KEY_IF '(' expression ')' '{' . inner_statement '}' else_if  (13)
	localDeclaration : .  (41)

	TYPE  shift 62
	KEY_CONST  shift 63
	KEY_FOR  reduce 41
	KEY_WHILE  reduce 41
	KEY_DO  reduce 41
	KEY_IF  reduce 41
	KEY_SWITCH  reduce 41
	KEY_RETURN  reduce 41
	KEY_BREAK  reduce 41
	KEY_CONTINUE  reduce 41
	ID  reduce 41
	'}'  reduce 41

	inner_statement  goto 163
	localDeclaration  goto 65
	declareLocally  goto 66


state 149
	if_else : KEY_IF '(' expression ')' singleLineStatement . else_if  (14)
	else_if : .  (19)

	KEY_ELSE  shift 164
	$end  reduce 19
	TYPE  reduce 19
	TYPE_VOID  reduce 19
	KEY_FOR  reduce 19
	KEY_WHILE  reduce 19
	KEY_DO  reduce 19
	KEY_IF  reduce 19
	KEY_SWITCH  reduce 19
	KEY_RETURN  reduce 19
	KEY_BREAK  reduce 19
	KEY_CONTINUE  reduce 19
	KEY_CONST  reduce 19
	KEY_CASE  reduce 19
	KEY_DEFAULT  reduce 19
	ID  reduce 19
	'}'  reduce 19

	else_if  goto 165


state 150
	switch : KEY_SWITCH '(' ID ')' '{' . cases defaultCase '}'  (26)
	switch : KEY_SWITCH '(' ID ')' '{' . cases '}'  (27)

	KEY_CASE  shift 166
	.  error

	cases  goto 167


state 151
	expression : ID '(' expressions ')' .  (103)

	.  reduce 103


state 152
	const_identifiers : ID '=' expression .  (68)
	const_identifiers : ID '=' expression . ',' const_identifiers  (69)
	expression : expression . OPER_OR expression  (83)
	expression : expression . OPER_AND expression  (84)
	expression : expression . OPER_CMP expression  (85)
	expression : expression . '+' expression  (86)
	expression : expression . '-' expression  (87)
	expression : expression . '*' expression  (88)
	expression : expression . '/' expression  (89)
	expression : expression . '%' expression  (90)

	OPER_CMP  shift 76
	OPER_AND  shift 77
	OPER_OR  shift 78
	'+'  shift 79
	'-'  shift 80
	'*'  shift 81
	'/'  shift 82
	'%'  shift 83
	','  shift 168
	KEY_FOR  reduce 68
	KEY_WHILE  reduce 68
	KEY_DO  reduce 68
	KEY_IF  reduce 68
	KEY_SWITCH  reduce 68
	KEY_RETURN  reduce 68
	KEY_BREAK  reduce 68
	KEY_CONTINUE  reduce 68
	KEY_CASE  reduce 68
	KEY_DEFAULT  reduce 68
	ID  reduce 68
	';'  reduce 68
	'}'  reduce 68


state 153
	index : '[' expression ']' index .  (49)

	.  reduce 49


state 154
	program : function '{' inner_statement '}' $$3 . program  (7)
	program : .  (1)

	TYPE  shift 1
	TYPE_VOID  shift 2
	KEY_FOR  shift 3
	KEY_WHILE  shift 4
	KEY_DO  shift 5
	KEY_IF  shift 6
	KEY_SWITCH  shift 7
	KEY_RETURN  shift 8
	KEY_BREAK  shift 9
	KEY_CONTINUE  shift 10
	KEY_CONST  shift 11
	ID  shift 12
	$end  reduce 1

	program  goto 169
	declaration  goto 14
	assignment  goto 15
	function  goto 16
	statement  goto 17
	if_else  goto 18
	for  goto 19
	while  goto 20
	switch  goto 21


state 155
	parameters : TYPE ID ',' . parameters  (58)

	TYPE  shift 94
	.  error

	parameters  goto 170


state 156
	parameters : TYPE ID index . ',' parameters  (57)
	parameters : TYPE ID index .  (59)

	','  shift 171
	')'  reduce 59


state 157
	identifier : ID index '=' '{' '}' .  (67)

	.  reduce 67


state 158
	identifier : ID index '=' '{' expressions . '}'  (66)

	'}'  shift 172
	.  error


state 159
	for : KEY_FOR '(' forExpression ';' forExpression ';' . forExpression ')' '{' inner_statement '}'  (20)
	forExpression : .  (22)

	INTEGER  shift 31
	STRING  shift 32
	DOUBLE  shift 33
	SCI  shift 34
	CHAR  shift 35
	CONSTANT  shift 36
	ID  shift 37
	'!'  shift 38
	'-'  shift 39
	'('  shift 40
	')'  reduce 22

	expression  goto 58
	forExpression  goto 173
	expressions  goto 60


state 160
	while : KEY_WHILE '(' expression ')' '{' inner_statement . '}'  (23)

	'}'  shift 174
	.  error


state 161
	singleLineStatement : assignment ';' .  (38)

	.  reduce 38


state 162
	while : KEY_DO '{' inner_statement '}' KEY_WHILE '(' . expression ')' ';'  (24)

	INTEGER  shift 31
	STRING  shift 32
	DOUBLE  shift 33
	SCI  shift 34
	CHAR  shift 35
	CONSTANT  shift 36
	ID  shift 37
	'!'  shift 38
	'-'  shift 39
	'('  shift 40
	.  error

	expression  goto 175


state 163
	if_else : KEY_IF '(' expression ')' '{' inner_statement . '}' else_if  (13)

	'}'  shift 176
	.  error


state 164
	else_if : KEY_ELSE . KEY_IF '(' expression ')' '{' inner_statement '}' else_if  (15)
	else_if : KEY_ELSE . '{' inner_statement '}'  (16)
	else_if : KEY_ELSE . KEY_IF '(' expression ')' singleLineStatement else_if  (17)
	else_if : KEY_ELSE . singleLineStatement  (18)

	KEY_IF  shift 177
	KEY_RETURN  shift 8
	KEY_BREAK  shift 9
	KEY_CONTINUE  shift 10
	ID  shift 12
	'{'  shift 178
	.  error

	assignment  goto 141
	singleLineStatement  goto 179


state 165
	if_else : KEY_IF '(' expression ')' singleLineStatement else_if .  (14)

	.  reduce 14


state 166
	cases : KEY_CASE . constant ':' inner_statement  (28)
	cases : KEY_CASE . constant ':' inner_statement cases  (29)

	INTEGER  shift 180
	DOUBLE  shift 181
	SCI  shift 182
	CHAR  shift 183
	CONSTANT  shift 184
	.  error

	constant  goto 185


state 167
	switch : KEY_SWITCH '(' ID ')' '{' cases . defaultCase '}'  (26)
	switch : KEY_SWITCH '(' ID ')' '{' cases . '}'  (27)

	KEY_DEFAULT  shift 186
	'}'  shift 187
	.  error

	defaultCase  goto 188


state 168
	const_identifiers : ID '=' expression ',' . const_identifiers  (69)

	ID  shift 84
	.  error

	const_identifiers  goto 189


state 169
	program : function '{' inner_statement '}' $$3 program .  (7)

	.  reduce 7


state 170
	parameters : TYPE ID ',' parameters .  (58)

	.  reduce 58


state 171
	parameters : TYPE ID index ',' . parameters  (57)

	TYPE  shift 94
	.  error

	parameters  goto 190


state 172
	identifier : ID index '=' '{' expressions '}' .  (66)

	.  reduce 66


state 173
	for : KEY_FOR '(' forExpression ';' forExpression ';' forExpression . ')' '{' inner_statement '}'  (20)

	')'  shift 191
	.  error


state 174
	while : KEY_WHILE '(' expression ')' '{' inner_statement '}' .  (23)

	.  reduce 23


state 175
	while : KEY_DO '{' inner_statement '}' KEY_WHILE '(' expression . ')' ';'  (24)
	expression : expression . OPER_OR expression  (83)
	expression : expression . OPER_AND expression  (84)
	expression : expression . OPER_CMP expression  (85)
	expression : expression . '+' expression  (86)
	expression : expression . '-' expression  (87)
	expression : expression . '*' expression  (88)
	expression : expression . '/' expression  (89)
	expression : expression . '%' expression  (90)

	OPER_CMP  shift 76
	OPER_AND  shift 77
	OPER_OR  shift 78
	'+'  shift 79
	'-'  shift 80
	'*'  shift 81
	'/'  shift 82
	'%'  shift 83
	')'  shift 192
	.  error


state 176
	if_else : KEY_IF '(' expression ')' '{' inner_statement '}' . else_if  (13)
	else_if : .  (19)

	KEY_ELSE  shift 164
	$end  reduce 19
	TYPE  reduce 19
	TYPE_VOID  reduce 19
	KEY_FOR  reduce 19
	KEY_WHILE  reduce 19
	KEY_DO  reduce 19
	KEY_IF  reduce 19
	KEY_SWITCH  reduce 19
	KEY_RETURN  reduce 19
	KEY_BREAK  reduce 19
	KEY_CONTINUE  reduce 19
	KEY_CONST  reduce 19
	KEY_CASE  reduce 19
	KEY_DEFAULT  reduce 19
	ID  reduce 19
	'}'  reduce 19

	else_if  goto 193


state 177
	else_if : KEY_ELSE KEY_IF . '(' expression ')' '{' inner_statement '}' else_if  (15)
	else_if : KEY_ELSE KEY_IF . '(' expression ')' singleLineStatement else_if  (17)

	'('  shift 194
	.  error


state 178
	else_if : KEY_ELSE '{' . inner_statement '}'  (16)
	localDeclaration : .  (41)

	TYPE  shift 62
	KEY_CONST  shift 63
	KEY_FOR  reduce 41
	KEY_WHILE  reduce 41
	KEY_DO  reduce 41
	KEY_IF  reduce 41
	KEY_SWITCH  reduce 41
	KEY_RETURN  reduce 41
	KEY_BREAK  reduce 41
	KEY_CONTINUE  reduce 41
	ID  reduce 41
	'}'  reduce 41

	inner_statement  goto 195
	localDeclaration  goto 65
	declareLocally  goto 66


state 179
	else_if : KEY_ELSE singleLineStatement .  (18)

	.  reduce 18


state 180
	constant : INTEGER .  (32)

	.  reduce 32


state 181
	constant : DOUBLE .  (33)

	.  reduce 33


state 182
	constant : SCI .  (34)

	.  reduce 34


state 183
	constant : CHAR .  (35)

	.  reduce 35


state 184
	constant : CONSTANT .  (31)

	.  reduce 31


state 185
	cases : KEY_CASE constant . ':' inner_statement  (28)
	cases : KEY_CASE constant . ':' inner_statement cases  (29)

	':'  shift 196
	.  error


state 186
	defaultCase : KEY_DEFAULT . ':' inner_statement  (30)

	':'  shift 197
	.  error


state 187
	switch : KEY_SWITCH '(' ID ')' '{' cases '}' .  (27)

	.  reduce 27


state 188
	switch : KEY_SWITCH '(' ID ')' '{' cases defaultCase . '}'  (26)

	'}'  shift 198
	.  error


state 189
	const_identifiers : ID '=' expression ',' const_identifiers .  (69)

	.  reduce 69


state 190
	parameters : TYPE ID index ',' parameters .  (57)

	.  reduce 57


state 191
	for : KEY_FOR '(' forExpression ';' forExpression ';' forExpression ')' . '{' inner_statement '}'  (20)

	'{'  shift 199
	.  error


state 192
	while : KEY_DO '{' inner_statement '}' KEY_WHILE '(' expression ')' . ';'  (24)

	';'  shift 200
	.  error


state 193
	if_else : KEY_IF '(' expression ')' '{' inner_statement '}' else_if .  (13)

	.  reduce 13


state 194
	else_if : KEY_ELSE KEY_IF '(' . expression ')' '{' inner_statement '}' else_if  (15)
	else_if : KEY_ELSE KEY_IF '(' . expression ')' singleLineStatement else_if  (17)

	INTEGER  shift 31
	STRING  shift 32
	DOUBLE  shift 33
	SCI  shift 34
	CHAR  shift 35
	CONSTANT  shift 36
	ID  shift 37
	'!'  shift 38
	'-'  shift 39
	'('  shift 40
	.  error

	expression  goto 201


state 195
	else_if : KEY_ELSE '{' inner_statement . '}'  (16)

	'}'  shift 202
	.  error


state 196
	cases : KEY_CASE constant ':' . inner_statement  (28)
	cases : KEY_CASE constant ':' . inner_statement cases  (29)
	localDeclaration : .  (41)

	TYPE  shift 62
	KEY_CONST  shift 63
	KEY_FOR  reduce 41
	KEY_WHILE  reduce 41
	KEY_DO  reduce 41
	KEY_IF  reduce 41
	KEY_SWITCH  reduce 41
	KEY_RETURN  reduce 41
	KEY_BREAK  reduce 41
	KEY_CONTINUE  reduce 41
	KEY_CASE  reduce 41
	KEY_DEFAULT  reduce 41
	ID  reduce 41
	'}'  reduce 41

	inner_statement  goto 203
	localDeclaration  goto 65
	declareLocally  goto 66


state 197
	defaultCase : KEY_DEFAULT ':' . inner_statement  (30)
	localDeclaration : .  (41)

	TYPE  shift 62
	KEY_CONST  shift 63
	KEY_FOR  reduce 41
	KEY_WHILE  reduce 41
	KEY_DO  reduce 41
	KEY_IF  reduce 41
	KEY_SWITCH  reduce 41
	KEY_RETURN  reduce 41
	KEY_BREAK  reduce 41
	KEY_CONTINUE  reduce 41
	ID  reduce 41
	'}'  reduce 41

	inner_statement  goto 204
	localDeclaration  goto 65
	declareLocally  goto 66


state 198
	switch : KEY_SWITCH '(' ID ')' '{' cases defaultCase '}' .  (26)

	.  reduce 26


state 199
	for : KEY_FOR '(' forExpression ';' forExpression ';' forExpression ')' '{' . inner_statement '}'  (20)
	localDeclaration : .  (41)

	TYPE  shift 62
	KEY_CONST  shift 63
	KEY_FOR  reduce 41
	KEY_WHILE  reduce 41
	KEY_DO  reduce 41
	KEY_IF  reduce 41
	KEY_SWITCH  reduce 41
	KEY_RETURN  reduce 41
	KEY_BREAK  reduce 41
	KEY_CONTINUE  reduce 41
	ID  reduce 41
	'}'  reduce 41

	inner_statement  goto 205
	localDeclaration  goto 65
	declareLocally  goto 66


state 200
	while : KEY_DO '{' inner_statement '}' KEY_WHILE '(' expression ')' ';' .  (24)

	.  reduce 24


state 201
	else_if : KEY_ELSE KEY_IF '(' expression . ')' '{' inner_statement '}' else_if  (15)
	else_if : KEY_ELSE KEY_IF '(' expression . ')' singleLineStatement else_if  (17)
	expression : expression . OPER_OR expression  (83)
	expression : expression . OPER_AND expression  (84)
	expression : expression . OPER_CMP expression  (85)
	expression : expression . '+' expression  (86)
	expression : expression . '-' expression  (87)
	expression : expression . '*' expression  (88)
	expression : expression . '/' expression  (89)
	expression : expression . '%' expression  (90)

	OPER_CMP  shift 76
	OPER_AND  shift 77
	OPER_OR  shift 78
	'+'  shift 79
	'-'  shift 80
	'*'  shift 81
	'/'  shift 82
	'%'  shift 83
	')'  shift 206
	.  error


state 202
	else_if : KEY_ELSE '{' inner_statement '}' .  (16)

	.  reduce 16


state 203
	cases : KEY_CASE constant ':' inner_statement .  (28)
	cases : KEY_CASE constant ':' inner_statement . cases  (29)

	KEY_CASE  shift 166
	KEY_DEFAULT  reduce 28
	'}'  reduce 28

	cases  goto 207


state 204
	defaultCase : KEY_DEFAULT ':' inner_statement .  (30)

	.  reduce 30


state 205
	for : KEY_FOR '(' forExpression ';' forExpression ';' forExpression ')' '{' inner_statement . '}'  (20)

	'}'  shift 208
	.  error


state 206
	else_if : KEY_ELSE KEY_IF '(' expression ')' . '{' inner_statement '}' else_if  (15)
	else_if : KEY_ELSE KEY_IF '(' expression ')' . singleLineStatement else_if  (17)

	KEY_RETURN  shift 8
	KEY_BREAK  shift 9
	KEY_CONTINUE  shift 10
	ID  shift 12
	'{'  shift 209
	.  error

	assignment  goto 141
	singleLineStatement  goto 210


state 207
	cases : KEY_CASE constant ':' inner_statement cases .  (29)

	.  reduce 29


state 208
	for : KEY_FOR '(' forExpression ';' forExpression ';' forExpression ')' '{' inner_statement '}' .  (20)

	.  reduce 20


state 209
	else_if : KEY_ELSE KEY_IF '(' expression ')' '{' . inner_statement '}' else_if  (15)
	localDeclaration : .  (41)

	TYPE  shift 62
	KEY_CONST  shift 63
	KEY_FOR  reduce 41
	KEY_WHILE  reduce 41
	KEY_DO  reduce 41
	KEY_IF  reduce 41
	KEY_SWITCH  reduce 41
	KEY_RETURN  reduce 41
	KEY_BREAK  reduce 41
	KEY_CONTINUE  reduce 41
	ID  reduce 41
	'}'  reduce 41

	inner_statement  goto 211
	localDeclaration  goto 65
	declareLocally  goto 66


state 210
	else_if : KEY_ELSE KEY_IF '(' expression ')' singleLineStatement . else_if  (17)
	else_if : .  (19)

	KEY_ELSE  shift 164
	$end  reduce 19
	TYPE  reduce 19
	TYPE_VOID  reduce 19
	KEY_FOR  reduce 19
	KEY_WHILE  reduce 19
	KEY_DO  reduce 19
	KEY_IF  reduce 19
	KEY_SWITCH  reduce 19
	KEY_RETURN  reduce 19
	KEY_BREAK  reduce 19
	KEY_CONTINUE  reduce 19
	KEY_CONST  reduce 19
	KEY_CASE  reduce 19
	KEY_DEFAULT  reduce 19
	ID  reduce 19
	'}'  reduce 19

	else_if  goto 212


state 211
	else_if : KEY_ELSE KEY_IF '(' expression ')' '{' inner_statement . '}' else_if  (15)

	'}'  shift 213
	.  error


state 212
	else_if : KEY_ELSE KEY_IF '(' expression ')' singleLineStatement else_if .  (17)

	.  reduce 17


state 213
	else_if : KEY_ELSE KEY_IF '(' expression ')' '{' inner_statement '}' . else_if  (15)
	else_if : .  (19)

	KEY_ELSE  shift 164
	$end  reduce 19
	TYPE  reduce 19
	TYPE_VOID  reduce 19
	KEY_FOR  reduce 19
	KEY_WHILE  reduce 19
	KEY_DO  reduce 19
	KEY_IF  reduce 19
	KEY_SWITCH  reduce 19
	KEY_RETURN  reduce 19
	KEY_BREAK  reduce 19
	KEY_CONTINUE  reduce 19
	KEY_CONST  reduce 19
	KEY_CASE  reduce 19
	KEY_DEFAULT  reduce 19
	ID  reduce 19
	'}'  reduce 19

	else_if  goto 214


state 214
	else_if : KEY_ELSE KEY_IF '(' expression ')' '{' inner_statement '}' else_if .  (15)

	.  reduce 15


Rules never reduced:
	const_identifier : ID '=' expression  (70)


45 terminals, 32 nonterminals
105 grammar rules, 215 states
